04/14/2019 21:59:26 INICIANDO...
04/14/2019 21:59:26 2.1.1.8
04/14/2019 21:59:26 Usuário: Lucas Oliveira(Administrador)
04/14/2019 21:59:26 Versão do Sistema Operacional: 6.2.9200
04/14/2019 21:59:26 64 Bits: true
04/14/2019 21:59:26 Versão do Firefox.  ( 0.7 )
04/14/2019 21:59:26 UAC: Ativado
04/14/2019 21:59:26 Verificando se Mozilla Firefox está instalado...
04/14/2019 21:59:26 Mozilla Firefox não instalado.
04/14/2019 21:59:26 [Ativação de segurança no navegador] Verificando...
04/14/2019 21:59:26 [Ativação de segurança no navegador] Ativando Transport Layer Security (TLS)
04/14/2019 21:59:26 [Ativação de segurança no navegador] Ok.
04/14/2019 21:59:26 [Verificação de página autêntica] Verificando...
04/14/2019 21:59:26 [Verificação de página autêntica] Ok.
04/14/2019 21:59:26 [Instalação de certificados raíz] Verificando...
04/14/2019 21:59:26 [Instalação de certificados raíz] Efetuando download do instalador...
04/14/2019 21:59:33 [Instalação de certificados raíz] Instalando...
04/14/2019 21:59:34 [Instalação de certificados raíz] Ok.
04/14/2019 21:59:34 [Verificação de Segurança de aplicações] Verificando...
04/14/2019 21:59:34 [Verificação de Segurança de aplicações] Ok.
04/14/2019 21:59:34 [Limpeza do cache no Internet Explorer] Verificando...
04/14/2019 21:59:34 [Limpeza do cache no Internet Explorer] Limpando...
04/14/2019 21:59:34 [Limpeza do cache no Internet Explorer] Ok.
04/14/2019 21:59:34 [Instalação do Warsaw] Verificando...
04/14/2019 21:59:34 [Instalação do Warsaw] Efetuando download do instalador...
04/14/2019 22:02:26 [Instalação do Warsaw] Instalando...
04/14/2019 22:02:51 [Instalação do Warsaw] Ok.
04/14/2019 22:02:51 [Restaurando as chaves de registro do warsaw] Verificando...
04/14/2019 22:02:51 [Restaurando as chaves de registro do warsaw] Ok.
04/14/2019 22:02:51 [Verificação de funcionamento] Verificando...
04/14/2019 22:02:52 [Verificação de funcionamento] Ok.
04/14/2019 22:02:52 [Instalando cliente do Warsaw] Verificando...
04/14/2019 22:03:37 [Instalando cliente do Warsaw] Instalando...
04/14/2019 22:03:46 [Instalando cliente do Warsaw] Ok.
04/14/2019 22:03:46 [Ajustando ambiente] Verificando...
04/14/2019 22:03:46 [Ajustando ambiente] Ok.
04/14/2019 22:03:46 [Concluindo execucao] Verificando...
04/14/2019 22:03:54 [Concluindo execucao] CONCLUÍDO.
04/14/2019 22:03:54 CONCLUÍDO.
